<?xml version="1.0" encoding="UTF-8"?>
<!-- Generated by org.testng.reporters.JUnitReportReporter -->
<testsuite hostname="SIGF4R1S7" failures="0" tests="1" name="testcases.TC_" time="14.998" errors="0" timestamp="2024-02-23T15:27:54 IST" skipped="0">
  <testcase classname="testcases.TC_" name="VerifyMethod1" time="14.998"/>
  <system-out/>
</testsuite> <!-- testcases.TC_ -->
