<?xml version="1.0" encoding="UTF-8"?>
<!-- Generated by org.testng.reporters.JUnitReportReporter -->
<testsuite hostname="ShreyasBhagat" failures="0" tests="1" name="testcases.TC_ResetPWD" time="13.076" errors="0" timestamp="2025-06-08T13:45:40 IST" skipped="0">
  <testcase classname="testcases.TC_ResetPWD" name="VerifyResetPWDManually" time="13.076"/>
</testsuite> <!-- testcases.TC_ResetPWD -->
