<?xml version="1.0" encoding="UTF-8"?>
<!-- Generated by org.testng.reporters.JUnitReportReporter -->
<testsuite hostname="ShreyasBhagat" failures="0" tests="1" name="RegressionSuites.TC_CreateUser" time="115.923" errors="0" timestamp="2025-06-17T23:13:18 IST" skipped="0">
  <testcase classname="RegressionSuites.TC_CreateUser" name="CreateNewUser" time="115.923"/>
</testsuite> <!-- RegressionSuites.TC_CreateUser -->
