<?xml version="1.0" encoding="UTF-8"?>
<!-- Generated by org.testng.reporters.JUnitReportReporter -->
<testsuite hostname="ShreyasBhagat" failures="0" tests="1" name="testcases.TC_CreateUser" time="30.687" errors="0" timestamp="2025-06-08T23:24:51 IST" skipped="0">
  <testcase classname="testcases.TC_CreateUser" name="CreateNewUser" time="30.687"/>
</testsuite> <!-- testcases.TC_CreateUser -->
