<?xml version="1.0" encoding="UTF-8"?>
<!-- Generated by org.testng.reporters.JUnitReportReporter -->
<testsuite hostname="SIGF4R1S7" failures="0" tests="1" name="testcases.TC_VerifyCLIAno" time="39.775" errors="0" timestamp="2024-02-21T11:24:25 IST" skipped="0">
  <testcase classname="testcases.TC_VerifyCLIAno" name="VerifyCliano" time="39.775"/>
  <system-out/>
</testsuite> <!-- testcases.TC_VerifyCLIAno -->
