<?xml version="1.0" encoding="UTF-8"?>
<!-- Generated by org.testng.reporters.JUnitReportReporter -->
<testsuite hostname="SIGF4R1S7" failures="0" tests="3" name="testcases.TC_ForgotPWD" time="105.490" errors="0" timestamp="2024-03-07T14:19:47 IST" skipped="0">
  <testcase classname="testcases.TC_ForgotPWD" name="VerifyMethod1" time="38.144"/>
  <system-out/>
  <testcase classname="testcases.TC_ForgotPWD" name="VerifyMethod2" time="42.809"/>
  <system-out/>
  <testcase classname="testcases.TC_ForgotPWD" name="VerifyMethod3" time="24.537"/>
  <system-out/>
</testsuite> <!-- testcases.TC_ForgotPWD -->
